<unknown>:37: SyntaxWarning: invalid escape sequence '\R'
<unknown>:39: SyntaxWarning: invalid escape sequence '\R'
<unknown>:2: SyntaxWarning: invalid escape sequence '\R'
<unknown>:3: SyntaxWarning: invalid escape sequence '\R'
<unknown>:4: SyntaxWarning: invalid escape sequence '\R'
<unknown>:5: SyntaxWarning: invalid escape sequence '\R'
<unknown>:6: SyntaxWarning: invalid escape sequence '\R'
<unknown>:7: SyntaxWarning: invalid escape sequence '\R'
<unknown>:8: SyntaxWarning: invalid escape sequence '\R'
<unknown>:9: SyntaxWarning: invalid escape sequence '\R'
<unknown>:10: SyntaxWarning: invalid escape sequence '\R'
<unknown>:11: SyntaxWarning: invalid escape sequence '\R'
<unknown>:12: SyntaxWarning: invalid escape sequence '\R'
<unknown>:13: SyntaxWarning: invalid escape sequence '\R'
<unknown>:14: SyntaxWarning: invalid escape sequence '\R'
<unknown>:15: SyntaxWarning: invalid escape sequence '\R'
<unknown>:16: SyntaxWarning: invalid escape sequence '\R'
<unknown>:17: SyntaxWarning: invalid escape sequence '\R'
<unknown>:18: SyntaxWarning: invalid escape sequence '\R'
<unknown>:19: SyntaxWarning: invalid escape sequence '\R'
<unknown>:20: SyntaxWarning: invalid escape sequence '\R'
<unknown>:21: SyntaxWarning: invalid escape sequence '\R'
<unknown>:22: SyntaxWarning: invalid escape sequence '\R'
<unknown>:23: SyntaxWarning: invalid escape sequence '\R'
<unknown>:24: SyntaxWarning: invalid escape sequence '\R'
<unknown>:25: SyntaxWarning: invalid escape sequence '\R'
<unknown>:26: SyntaxWarning: invalid escape sequence '\R'
<unknown>:27: SyntaxWarning: invalid escape sequence '\R'
<unknown>:28: SyntaxWarning: invalid escape sequence '\R'
<unknown>:29: SyntaxWarning: invalid escape sequence '\R'
<unknown>:30: SyntaxWarning: invalid escape sequence '\R'
<unknown>:31: SyntaxWarning: invalid escape sequence '\R'
<unknown>:32: SyntaxWarning: invalid escape sequence '\R'
<unknown>:33: SyntaxWarning: invalid escape sequence '\R'
<unknown>:34: SyntaxWarning: invalid escape sequence '\R'
<unknown>:35: SyntaxWarning: invalid escape sequence '\R'
<unknown>:36: SyntaxWarning: invalid escape sequence '\R'
<unknown>:37: SyntaxWarning: invalid escape sequence '\R'
<unknown>:38: SyntaxWarning: invalid escape sequence '\R'
<unknown>:39: SyntaxWarning: invalid escape sequence '\R'
<unknown>:40: SyntaxWarning: invalid escape sequence '\R'
<unknown>:41: SyntaxWarning: invalid escape sequence '\R'
<unknown>:42: SyntaxWarning: invalid escape sequence '\R'
<unknown>:43: SyntaxWarning: invalid escape sequence '\R'
<unknown>:44: SyntaxWarning: invalid escape sequence '\R'
<unknown>:45: SyntaxWarning: invalid escape sequence '\R'
<unknown>:46: SyntaxWarning: invalid escape sequence '\R'
<unknown>:47: SyntaxWarning: invalid escape sequence '\R'
<unknown>:2: SyntaxWarning: invalid escape sequence '\R'
<unknown>:3: SyntaxWarning: invalid escape sequence '\R'
<unknown>:4: SyntaxWarning: invalid escape sequence '\R'
<unknown>:5: SyntaxWarning: invalid escape sequence '\R'
<unknown>:6: SyntaxWarning: invalid escape sequence '\R'
<unknown>:7: SyntaxWarning: invalid escape sequence '\R'
<unknown>:8: SyntaxWarning: invalid escape sequence '\R'
<unknown>:9: SyntaxWarning: invalid escape sequence '\R'
<unknown>:10: SyntaxWarning: invalid escape sequence '\R'
<unknown>:11: SyntaxWarning: invalid escape sequence '\R'
<unknown>:12: SyntaxWarning: invalid escape sequence '\R'
<unknown>:13: SyntaxWarning: invalid escape sequence '\R'
<unknown>:14: SyntaxWarning: invalid escape sequence '\R'
<unknown>:15: SyntaxWarning: invalid escape sequence '\R'
<unknown>:16: SyntaxWarning: invalid escape sequence '\R'
<unknown>:17: SyntaxWarning: invalid escape sequence '\R'
<unknown>:18: SyntaxWarning: invalid escape sequence '\R'
<unknown>:19: SyntaxWarning: invalid escape sequence '\R'
<unknown>:20: SyntaxWarning: invalid escape sequence '\R'
<unknown>:21: SyntaxWarning: invalid escape sequence '\R'
<unknown>:22: SyntaxWarning: invalid escape sequence '\R'
<unknown>:23: SyntaxWarning: invalid escape sequence '\R'
<unknown>:24: SyntaxWarning: invalid escape sequence '\R'
<unknown>:25: SyntaxWarning: invalid escape sequence '\R'
<unknown>:26: SyntaxWarning: invalid escape sequence '\R'
<unknown>:27: SyntaxWarning: invalid escape sequence '\R'
<unknown>:28: SyntaxWarning: invalid escape sequence '\R'
<unknown>:29: SyntaxWarning: invalid escape sequence '\R'
<unknown>:30: SyntaxWarning: invalid escape sequence '\R'
<unknown>:31: SyntaxWarning: invalid escape sequence '\R'
<unknown>:32: SyntaxWarning: invalid escape sequence '\R'
<unknown>:33: SyntaxWarning: invalid escape sequence '\R'
<unknown>:34: SyntaxWarning: invalid escape sequence '\R'
<unknown>:35: SyntaxWarning: invalid escape sequence '\R'
<unknown>:36: SyntaxWarning: invalid escape sequence '\R'
<unknown>:37: SyntaxWarning: invalid escape sequence '\R'
<unknown>:38: SyntaxWarning: invalid escape sequence '\R'
<unknown>:39: SyntaxWarning: invalid escape sequence '\R'
<unknown>:40: SyntaxWarning: invalid escape sequence '\R'
<unknown>:41: SyntaxWarning: invalid escape sequence '\R'
<unknown>:42: SyntaxWarning: invalid escape sequence '\R'
<unknown>:43: SyntaxWarning: invalid escape sequence '\R'
<unknown>:44: SyntaxWarning: invalid escape sequence '\R'
<unknown>:45: SyntaxWarning: invalid escape sequence '\R'
<unknown>:46: SyntaxWarning: invalid escape sequence '\R'
<unknown>:47: SyntaxWarning: invalid escape sequence '\R'
Epoch 1 - 0%:   0%|          | 0/526 [00:00<?, ?it/s]Traceback (most recent call last):
  File "/homes/cbellucci/GX_alBERTo/train_no_met.py", line 46, in <module>
    for i, (x, y) in enumerate(train_dataloader):
           ^^^^^^
ValueError: too many values to unpack (expected 2)
