ClearML Task: created new task id=a4fcc03f1fdf4d67b32b9fecdac0f4e5
ClearML results page: https://app.clear.ml/projects/364457bc04234a8b80e439e974b93968/experiments/a4fcc03f1fdf4d67b32b9fecdac0f4e5/output/log
TRAINING HYPERPARAMETERS:
batch_size: 32
device: cuda
optimizer: AdamW
learning_rate: 0.0001
num_epochs: 100
train_test_split: 0

DATASET HYPERPARAMETERS:
k: 32768
center: 65536
max_len: 65536

DATASET SELECTION:
which_dataset: 1
vocab_size: 6

LABEL SELECTION:
label: fpkm_uq_median

MODEL HYPERPARAMETERS:
mask: 4
dropout_pe: 0.1
mod: met
d_model: 128
n_head: 4
dim_feedforward: 2048
num_encoder_layers: 2
dropout: 0.1
fc_dim: 256
output_dim: 1
dropout_fc: 0.1
att_mask: False

directory_path:  /homes/cbellucci/GX_alBERTo/dataset/Dataset
Dimensioni dataset di test:`618`
Dimensioni dataset di validazione:`683`
Dimensioni dataset di train:`16826`
Loss on train for epoch 1: 0.998949118836751
lr:  [0.0001]
Loss on validation for epoch 1: 0.9234192019159143
Loss on train for epoch 2: 0.9827411026895726
lr:  [0.0001]
Loss on validation for epoch 2: 0.9277665642174807
Loss on train for epoch 3: 0.9703609717322846
lr:  [0.0001]
Loss on validation for epoch 3: 0.9309011589397084
Loss on train for epoch 4: 0.961951707479165
lr:  [0.0001]
Loss on validation for epoch 4: 0.9367416419766166
Loss on train for epoch 5: 0.9536061442170306
lr:  [0.0001]
Loss on validation for epoch 5: 0.9355348619547758
Loss on train for epoch 6: 0.9442349415088335
lr:  [0.0001]
Loss on validation for epoch 6: 0.9371433203870599
Loss on train for epoch 7: 0.9359911268881519
lr:  [0.0001]
Loss on validation for epoch 7: 0.9196025376970117
Loss on train for epoch 8: 0.9258528713830977
lr:  [0.0001]
Loss on validation for epoch 8: 0.907503141598268
Loss on train for epoch 9: 0.9139888354580665
lr:  [0.0001]
Loss on validation for epoch 9: 0.8981599861925299
Loss on train for epoch 10: 0.9047019474859926
lr:  [0.0001]
Loss on validation for epoch 10: 0.875478519634767
Model saved at epoch 10
Loss on train for epoch 11: 0.8871156874718321
lr:  [0.0001]
Loss on validation for epoch 11: 0.8681894134391438
Loss on train for epoch 12: 0.8739384008791057
lr:  [0.0001]
Loss on validation for epoch 12: 0.8498573736710981
Loss on train for epoch 13: 0.8644086259626164
lr:  [0.0001]
Loss on validation for epoch 13: 0.8364128213037144
Loss on train for epoch 14: 0.8508632718496902
lr:  [0.0001]
Loss on validation for epoch 14: 0.8275946351614866
