<unknown>:37: SyntaxWarning: invalid escape sequence '\R'
<unknown>:39: SyntaxWarning: invalid escape sequence '\R'
<unknown>:2: SyntaxWarning: invalid escape sequence '\R'
<unknown>:3: SyntaxWarning: invalid escape sequence '\R'
<unknown>:4: SyntaxWarning: invalid escape sequence '\R'
<unknown>:5: SyntaxWarning: invalid escape sequence '\R'
<unknown>:6: SyntaxWarning: invalid escape sequence '\R'
<unknown>:7: SyntaxWarning: invalid escape sequence '\R'
<unknown>:8: SyntaxWarning: invalid escape sequence '\R'
<unknown>:9: SyntaxWarning: invalid escape sequence '\R'
<unknown>:10: SyntaxWarning: invalid escape sequence '\R'
<unknown>:11: SyntaxWarning: invalid escape sequence '\R'
<unknown>:12: SyntaxWarning: invalid escape sequence '\R'
<unknown>:13: SyntaxWarning: invalid escape sequence '\R'
<unknown>:14: SyntaxWarning: invalid escape sequence '\R'
<unknown>:15: SyntaxWarning: invalid escape sequence '\R'
<unknown>:16: SyntaxWarning: invalid escape sequence '\R'
<unknown>:17: SyntaxWarning: invalid escape sequence '\R'
<unknown>:18: SyntaxWarning: invalid escape sequence '\R'
<unknown>:19: SyntaxWarning: invalid escape sequence '\R'
<unknown>:20: SyntaxWarning: invalid escape sequence '\R'
<unknown>:21: SyntaxWarning: invalid escape sequence '\R'
<unknown>:22: SyntaxWarning: invalid escape sequence '\R'
<unknown>:23: SyntaxWarning: invalid escape sequence '\R'
<unknown>:24: SyntaxWarning: invalid escape sequence '\R'
<unknown>:25: SyntaxWarning: invalid escape sequence '\R'
<unknown>:26: SyntaxWarning: invalid escape sequence '\R'
<unknown>:27: SyntaxWarning: invalid escape sequence '\R'
<unknown>:28: SyntaxWarning: invalid escape sequence '\R'
<unknown>:29: SyntaxWarning: invalid escape sequence '\R'
<unknown>:30: SyntaxWarning: invalid escape sequence '\R'
<unknown>:31: SyntaxWarning: invalid escape sequence '\R'
<unknown>:32: SyntaxWarning: invalid escape sequence '\R'
<unknown>:33: SyntaxWarning: invalid escape sequence '\R'
<unknown>:34: SyntaxWarning: invalid escape sequence '\R'
<unknown>:35: SyntaxWarning: invalid escape sequence '\R'
<unknown>:36: SyntaxWarning: invalid escape sequence '\R'
<unknown>:37: SyntaxWarning: invalid escape sequence '\R'
<unknown>:38: SyntaxWarning: invalid escape sequence '\R'
<unknown>:39: SyntaxWarning: invalid escape sequence '\R'
<unknown>:40: SyntaxWarning: invalid escape sequence '\R'
<unknown>:41: SyntaxWarning: invalid escape sequence '\R'
<unknown>:42: SyntaxWarning: invalid escape sequence '\R'
<unknown>:43: SyntaxWarning: invalid escape sequence '\R'
<unknown>:44: SyntaxWarning: invalid escape sequence '\R'
<unknown>:45: SyntaxWarning: invalid escape sequence '\R'
<unknown>:46: SyntaxWarning: invalid escape sequence '\R'
<unknown>:47: SyntaxWarning: invalid escape sequence '\R'
<unknown>:2: SyntaxWarning: invalid escape sequence '\R'
<unknown>:3: SyntaxWarning: invalid escape sequence '\R'
<unknown>:4: SyntaxWarning: invalid escape sequence '\R'
<unknown>:5: SyntaxWarning: invalid escape sequence '\R'
<unknown>:6: SyntaxWarning: invalid escape sequence '\R'
<unknown>:7: SyntaxWarning: invalid escape sequence '\R'
<unknown>:8: SyntaxWarning: invalid escape sequence '\R'
<unknown>:9: SyntaxWarning: invalid escape sequence '\R'
<unknown>:10: SyntaxWarning: invalid escape sequence '\R'
<unknown>:11: SyntaxWarning: invalid escape sequence '\R'
<unknown>:12: SyntaxWarning: invalid escape sequence '\R'
<unknown>:13: SyntaxWarning: invalid escape sequence '\R'
<unknown>:14: SyntaxWarning: invalid escape sequence '\R'
<unknown>:15: SyntaxWarning: invalid escape sequence '\R'
<unknown>:16: SyntaxWarning: invalid escape sequence '\R'
<unknown>:17: SyntaxWarning: invalid escape sequence '\R'
<unknown>:18: SyntaxWarning: invalid escape sequence '\R'
<unknown>:19: SyntaxWarning: invalid escape sequence '\R'
<unknown>:20: SyntaxWarning: invalid escape sequence '\R'
<unknown>:21: SyntaxWarning: invalid escape sequence '\R'
<unknown>:22: SyntaxWarning: invalid escape sequence '\R'
<unknown>:23: SyntaxWarning: invalid escape sequence '\R'
<unknown>:24: SyntaxWarning: invalid escape sequence '\R'
<unknown>:25: SyntaxWarning: invalid escape sequence '\R'
<unknown>:26: SyntaxWarning: invalid escape sequence '\R'
<unknown>:27: SyntaxWarning: invalid escape sequence '\R'
<unknown>:28: SyntaxWarning: invalid escape sequence '\R'
<unknown>:29: SyntaxWarning: invalid escape sequence '\R'
<unknown>:30: SyntaxWarning: invalid escape sequence '\R'
<unknown>:31: SyntaxWarning: invalid escape sequence '\R'
<unknown>:32: SyntaxWarning: invalid escape sequence '\R'
<unknown>:33: SyntaxWarning: invalid escape sequence '\R'
<unknown>:34: SyntaxWarning: invalid escape sequence '\R'
<unknown>:35: SyntaxWarning: invalid escape sequence '\R'
<unknown>:36: SyntaxWarning: invalid escape sequence '\R'
<unknown>:37: SyntaxWarning: invalid escape sequence '\R'
<unknown>:38: SyntaxWarning: invalid escape sequence '\R'
<unknown>:39: SyntaxWarning: invalid escape sequence '\R'
<unknown>:40: SyntaxWarning: invalid escape sequence '\R'
<unknown>:41: SyntaxWarning: invalid escape sequence '\R'
<unknown>:42: SyntaxWarning: invalid escape sequence '\R'
<unknown>:43: SyntaxWarning: invalid escape sequence '\R'
<unknown>:44: SyntaxWarning: invalid escape sequence '\R'
<unknown>:45: SyntaxWarning: invalid escape sequence '\R'
<unknown>:46: SyntaxWarning: invalid escape sequence '\R'
<unknown>:47: SyntaxWarning: invalid escape sequence '\R'
Epoch 1 - 0%:   0%|          | 0/526 [00:00<?, ?it/s]/homes/cbellucci/.conda/envs/AIE/lib/python3.12/site-packages/torch/nn/modules/conv.py:306: UserWarning: Using padding='same' with even kernel lengths and odd dilation may require a zero-padded copy of the input be created (Triggered internally at ../aten/src/ATen/native/Convolution.cpp:1040.)
  return F.conv1d(input, weight, bias, self.stride,
Traceback (most recent call last):
  File "/homes/cbellucci/GX_alBERTo/train_no_met.py", line 49, in <module>
    y_pred = model(x)
             ^^^^^^^^
  File "/homes/cbellucci/.conda/envs/AIE/lib/python3.12/site-packages/torch/nn/modules/module.py", line 1511, in _wrapped_call_impl
    return self._call_impl(*args, **kwargs)
           ^^^^^^^^^^^^^^^^^^^^^^^^^^^^^^^^
  File "/homes/cbellucci/.conda/envs/AIE/lib/python3.12/site-packages/torch/nn/modules/module.py", line 1520, in _call_impl
    return forward_call(*args, **kwargs)
           ^^^^^^^^^^^^^^^^^^^^^^^^^^^^^
  File "/homes/cbellucci/GX_alBERTo/src/model.py", line 217, in forward
    encoded_features = self.transformer_encoder(x, att_mask)
                                                   ^^^^^^^^
UnboundLocalError: cannot access local variable 'att_mask' where it is not associated with a value
