<unknown>:37: SyntaxWarning: invalid escape sequence '\R'
<unknown>:39: SyntaxWarning: invalid escape sequence '\R'
<unknown>:2: SyntaxWarning: invalid escape sequence '\R'
<unknown>:3: SyntaxWarning: invalid escape sequence '\R'
<unknown>:4: SyntaxWarning: invalid escape sequence '\R'
<unknown>:5: SyntaxWarning: invalid escape sequence '\R'
<unknown>:6: SyntaxWarning: invalid escape sequence '\R'
<unknown>:7: SyntaxWarning: invalid escape sequence '\R'
<unknown>:8: SyntaxWarning: invalid escape sequence '\R'
<unknown>:9: SyntaxWarning: invalid escape sequence '\R'
<unknown>:10: SyntaxWarning: invalid escape sequence '\R'
<unknown>:11: SyntaxWarning: invalid escape sequence '\R'
<unknown>:12: SyntaxWarning: invalid escape sequence '\R'
<unknown>:13: SyntaxWarning: invalid escape sequence '\R'
<unknown>:14: SyntaxWarning: invalid escape sequence '\R'
<unknown>:15: SyntaxWarning: invalid escape sequence '\R'
<unknown>:16: SyntaxWarning: invalid escape sequence '\R'
<unknown>:17: SyntaxWarning: invalid escape sequence '\R'
<unknown>:18: SyntaxWarning: invalid escape sequence '\R'
<unknown>:19: SyntaxWarning: invalid escape sequence '\R'
<unknown>:20: SyntaxWarning: invalid escape sequence '\R'
<unknown>:21: SyntaxWarning: invalid escape sequence '\R'
<unknown>:22: SyntaxWarning: invalid escape sequence '\R'
<unknown>:23: SyntaxWarning: invalid escape sequence '\R'
<unknown>:24: SyntaxWarning: invalid escape sequence '\R'
<unknown>:25: SyntaxWarning: invalid escape sequence '\R'
<unknown>:26: SyntaxWarning: invalid escape sequence '\R'
<unknown>:27: SyntaxWarning: invalid escape sequence '\R'
<unknown>:28: SyntaxWarning: invalid escape sequence '\R'
<unknown>:29: SyntaxWarning: invalid escape sequence '\R'
<unknown>:30: SyntaxWarning: invalid escape sequence '\R'
<unknown>:31: SyntaxWarning: invalid escape sequence '\R'
<unknown>:32: SyntaxWarning: invalid escape sequence '\R'
<unknown>:33: SyntaxWarning: invalid escape sequence '\R'
<unknown>:34: SyntaxWarning: invalid escape sequence '\R'
<unknown>:35: SyntaxWarning: invalid escape sequence '\R'
<unknown>:36: SyntaxWarning: invalid escape sequence '\R'
<unknown>:37: SyntaxWarning: invalid escape sequence '\R'
<unknown>:38: SyntaxWarning: invalid escape sequence '\R'
<unknown>:39: SyntaxWarning: invalid escape sequence '\R'
<unknown>:40: SyntaxWarning: invalid escape sequence '\R'
<unknown>:41: SyntaxWarning: invalid escape sequence '\R'
<unknown>:42: SyntaxWarning: invalid escape sequence '\R'
<unknown>:43: SyntaxWarning: invalid escape sequence '\R'
<unknown>:44: SyntaxWarning: invalid escape sequence '\R'
<unknown>:45: SyntaxWarning: invalid escape sequence '\R'
<unknown>:46: SyntaxWarning: invalid escape sequence '\R'
<unknown>:47: SyntaxWarning: invalid escape sequence '\R'
<unknown>:2: SyntaxWarning: invalid escape sequence '\R'
<unknown>:3: SyntaxWarning: invalid escape sequence '\R'
<unknown>:4: SyntaxWarning: invalid escape sequence '\R'
<unknown>:5: SyntaxWarning: invalid escape sequence '\R'
<unknown>:6: SyntaxWarning: invalid escape sequence '\R'
<unknown>:7: SyntaxWarning: invalid escape sequence '\R'
<unknown>:8: SyntaxWarning: invalid escape sequence '\R'
<unknown>:9: SyntaxWarning: invalid escape sequence '\R'
<unknown>:10: SyntaxWarning: invalid escape sequence '\R'
<unknown>:11: SyntaxWarning: invalid escape sequence '\R'
<unknown>:12: SyntaxWarning: invalid escape sequence '\R'
<unknown>:13: SyntaxWarning: invalid escape sequence '\R'
<unknown>:14: SyntaxWarning: invalid escape sequence '\R'
<unknown>:15: SyntaxWarning: invalid escape sequence '\R'
<unknown>:16: SyntaxWarning: invalid escape sequence '\R'
<unknown>:17: SyntaxWarning: invalid escape sequence '\R'
<unknown>:18: SyntaxWarning: invalid escape sequence '\R'
<unknown>:19: SyntaxWarning: invalid escape sequence '\R'
<unknown>:20: SyntaxWarning: invalid escape sequence '\R'
<unknown>:21: SyntaxWarning: invalid escape sequence '\R'
<unknown>:22: SyntaxWarning: invalid escape sequence '\R'
<unknown>:23: SyntaxWarning: invalid escape sequence '\R'
<unknown>:24: SyntaxWarning: invalid escape sequence '\R'
<unknown>:25: SyntaxWarning: invalid escape sequence '\R'
<unknown>:26: SyntaxWarning: invalid escape sequence '\R'
<unknown>:27: SyntaxWarning: invalid escape sequence '\R'
<unknown>:28: SyntaxWarning: invalid escape sequence '\R'
<unknown>:29: SyntaxWarning: invalid escape sequence '\R'
<unknown>:30: SyntaxWarning: invalid escape sequence '\R'
<unknown>:31: SyntaxWarning: invalid escape sequence '\R'
<unknown>:32: SyntaxWarning: invalid escape sequence '\R'
<unknown>:33: SyntaxWarning: invalid escape sequence '\R'
<unknown>:34: SyntaxWarning: invalid escape sequence '\R'
<unknown>:35: SyntaxWarning: invalid escape sequence '\R'
<unknown>:36: SyntaxWarning: invalid escape sequence '\R'
<unknown>:37: SyntaxWarning: invalid escape sequence '\R'
<unknown>:38: SyntaxWarning: invalid escape sequence '\R'
<unknown>:39: SyntaxWarning: invalid escape sequence '\R'
<unknown>:40: SyntaxWarning: invalid escape sequence '\R'
<unknown>:41: SyntaxWarning: invalid escape sequence '\R'
<unknown>:42: SyntaxWarning: invalid escape sequence '\R'
<unknown>:43: SyntaxWarning: invalid escape sequence '\R'
<unknown>:44: SyntaxWarning: invalid escape sequence '\R'
<unknown>:45: SyntaxWarning: invalid escape sequence '\R'
<unknown>:46: SyntaxWarning: invalid escape sequence '\R'
<unknown>:47: SyntaxWarning: invalid escape sequence '\R'
Epoch 1 - 0%:   0%|          | 0/526 [00:00<?, ?it/s]/homes/cbellucci/.conda/envs/AIE/lib/python3.12/site-packages/torch/nn/modules/conv.py:306: UserWarning: Using padding='same' with even kernel lengths and odd dilation may require a zero-padded copy of the input be created (Triggered internally at ../aten/src/ATen/native/Convolution.cpp:1040.)
  return F.conv1d(input, weight, bias, self.stride,
Epoch 1 - 0%:   0%|          | 1/526 [00:02<19:03,  2.18s/it]Epoch 1 - 0% -- loss 1.20:   0%|          | 1/526 [00:02<19:03,  2.18s/it]Epoch 1 - 0% -- loss 1.20:   0%|          | 2/526 [00:03<14:07,  1.62s/it]Epoch 1 - 0% -- loss 1.05:   0%|          | 2/526 [00:03<14:07,  1.62s/it]Epoch 1 - 0% -- loss 1.05:   0%|          | 2/526 [00:04<17:38,  2.02s/it]
Traceback (most recent call last):
  File "/homes/cbellucci/GX_alBERTo/train.py", line 50, in <module>
    loss.backward()
  File "/homes/cbellucci/.conda/envs/AIE/lib/python3.12/site-packages/torch/_tensor.py", line 522, in backward
    torch.autograd.backward(
  File "/homes/cbellucci/.conda/envs/AIE/lib/python3.12/site-packages/torch/autograd/__init__.py", line 266, in backward
    Variable._execution_engine.run_backward(  # Calls into the C++ engine to run the backward pass
torch.cuda.OutOfMemoryError: CUDA out of memory. Tried to allocate 2.00 GiB. GPU 0 has a total capacity of 11.90 GiB of which 1.58 GiB is free. Including non-PyTorch memory, this process has 10.32 GiB memory in use. Of the allocated memory 8.12 GiB is allocated by PyTorch, and 2.00 GiB is reserved by PyTorch but unallocated. If reserved but unallocated memory is large try setting PYTORCH_CUDA_ALLOC_CONF=expandable_segments:True to avoid fragmentation.  See documentation for Memory Management  (https://pytorch.org/docs/stable/notes/cuda.html#environment-variables)
