ClearML Task: created new task id=396964559a2247a4b2b15837c3fbf91c
ClearML results page: https://app.clear.ml/projects/364457bc04234a8b80e439e974b93968/experiments/396964559a2247a4b2b15837c3fbf91c/output/log
TRAINING HYPERPARAMETERS:
batch_size: 16
device: cuda
optimizer: AdamW
learning_rate: 0.0001
num_epochs: 100
train_test_split: 0

DATASET SELECTION:
which_dataset: 0
vocab_size: 5

LABEL SELECTION:
label: fpkm_uq_median

MODEL HYPERPARAMETERS:
mask: 4
dropout_pe: 0.1
mod: met
d_model: 128
n_head: 4
dim_feedforward: 2048
num_encoder_layers: 2
dropout: 0.1
fc_dim: 256
output_dim: 1
dropout_fc: 0.1
att_mask: False

directory_path:  /homes/cbellucci/GX_alBERTo/dataset/Dataset
Dimensioni dataset di test:`1236`
Dimensioni dataset di validazione:`1366`
Dimensioni dataset di train:`31632`
